#
# There is insufficient memory for the Java Runtime Environment to continue.
# Native memory allocation (malloc) failed to allocate 32744 bytes for ChunkPool::allocate
# Possible reasons:
#   The system is out of physical RAM or swap space
#   In 32 bit mode, the process size limit was hit
# Possible solutions:
#   Reduce memory load on the system
#   Increase physical memory or swap space
#   Check if swap backing store is full
#   Use 64 bit Java on a 64 bit OS
#   Decrease Java heap size (-Xmx/-Xms)
#   Decrease number of Java threads
#   Decrease Java thread stack sizes (-Xss)
#   Set larger code cache with -XX:ReservedCodeCacheSize=
# This output file may be truncated or incomplete.
#
#  Out of Memory Error (allocation.cpp:273), pid=17860, tid=0x0000000000003088
#
# JRE version: OpenJDK Runtime Environment (8.0_163-b01) (build 1.8.0_163-b01)
# Java VM: OpenJDK 64-Bit Server VM (25.163-b01 mixed mode windows-amd64 compressed oops)
# Failed to write core dump. Minidumps are not enabled by default on client versions of Windows
#

---------------  T H R E A D  ---------------

Current thread (0x0000000015166800):  JavaThread "C2 CompilerThread1" daemon [_thread_in_native, id=12424, stack(0x0000000016860000,0x0000000016960000)]

Stack: [0x0000000016860000,0x0000000016960000]
[error occurred during error reporting (printing stack bounds), id 0xc0000005]

Native frames: (J=compiled Java code, j=interpreted, Vv=VM code, C=native code)


Current CompileTask:
C2:  13189 1790       4       java.net.URLClassLoader$1::run (5 bytes)


---------------  P R O C E S S  ---------------

Java Threads: ( => current thread )
  0x000000001868b800 JavaThread "Cache worker for file hash cache (C:\Users\artin\slaparoo\.gradle\4.2.1\fileHashes)" [_thread_blocked, id=16480, stack(0x000000001ac80000,0x000000001ad80000)]
  0x0000000017be5800 JavaThread "File lock request listener" [_thread_in_native, id=20040, stack(0x0000000019bb0000,0x0000000019cb0000)]
  0x0000000017cc6800 JavaThread "Cache worker for file hash cache (C:\Users\artin\.gradle\caches\4.2.1\fileHashes)" [_thread_blocked, id=5384, stack(0x0000000019ab0000,0x0000000019bb0000)]
  0x000000001721f000 JavaThread "Stdin handler" [_thread_blocked, id=1604, stack(0x00000000197b0000,0x00000000198b0000)]
  0x0000000017211000 JavaThread "Asynchronous log dispatcher for DefaultDaemonConnection: socket connection from /127.0.0.1:55133 to /127.0.0.1:55134" [_thread_blocked, id=3316, stack(0x00000000196b0000,0x00000000197b0000)]
  0x000000001715b000 JavaThread "Daemon worker" [_thread_in_Java, id=19224, stack(0x00000000195b0000,0x00000000196b0000)]
  0x0000000017605000 JavaThread "Cancel handler" [_thread_blocked, id=12588, stack(0x00000000194b0000,0x00000000195b0000)]
  0x0000000016a2e800 JavaThread "Handler for socket connection from /127.0.0.1:55133 to /127.0.0.1:55134" [_thread_in_native, id=21020, stack(0x00000000191b0000,0x00000000192b0000)]
  0x0000000016a29000 JavaThread "Daemon" [_thread_blocked, id=16040, stack(0x00000000190b0000,0x00000000191b0000)]
  0x000000001798e800 JavaThread "Daemon periodic checks" [_thread_blocked, id=16788, stack(0x0000000018fb0000,0x00000000190b0000)]
  0x0000000017987000 JavaThread "Incoming local TCP Connector on port 55133" [_thread_in_native, id=8368, stack(0x0000000018d70000,0x0000000018e70000)]
  0x0000000016969000 JavaThread "Service Thread" daemon [_thread_blocked, id=16224, stack(0x0000000016e60000,0x0000000016f60000)]
  0x0000000016968800 JavaThread "C1 CompilerThread2" daemon [_thread_blocked, id=16488, stack(0x0000000016d60000,0x0000000016e60000)]
=>0x0000000015166800 JavaThread "C2 CompilerThread1" daemon [_thread_in_native, id=12424, stack(0x0000000016860000,0x0000000016960000)]
  0x0000000015111000 JavaThread "C2 CompilerThread0" daemon [_thread_in_native, id=18040, stack(0x0000000016760000,0x0000000016860000)]
  0x000000001510f800 JavaThread "Attach Listener" daemon [_thread_blocked, id=16584, stack(0x0000000016660000,0x0000000016760000)]
  0x000000001510e000 JavaThread "Signal Dispatcher" daemon [_thread_blocked, id=16704, stack(0x0000000016560000,0x0000000016660000)]
  0x00000000150f8800 JavaThread "Finalizer" daemon [_thread_blocked, id=11416, stack(0x0000000016370000,0x0000000016470000)]
  0x0000000002973800 JavaThread "Reference Handler" daemon [_thread_blocked, id=11712, stack(0x0000000016270000,0x0000000016370000)]
  0x0000000002a3e800 JavaThread "main" [_thread_blocked, id=17832, stack(0x0000000002750000,0x0000000002850000)]

Other Threads:
  0x00000000150d5800 VMThread [stack: 0x0000000016170000,0x0000000016270000] [id=20380]
  0x000000001696a000 WatcherThread [stack: 0x0000000016f60000,0x0000000017060000] [id=20964]

VM state:not at safepoint (normal execution)

VM Mutex/Monitor currently owned by a thread: None

Heap:
 PSYoungGen      total 71680K, used 20376K [0x00000000eab00000, 0x00000000f4100000, 0x0000000100000000)
  eden space 66560K, 30% used [0x00000000eab00000,0x00000000ebee63d0,0x00000000eec00000)
  from space 5120K, 0% used [0x00000000eec00000,0x00000000eec00000,0x00000000ef100000)
  to   space 10240K, 0% used [0x00000000f3700000,0x00000000f3700000,0x00000000f4100000)
 ParOldGen       total 56832K, used 7436K [0x00000000c0000000, 0x00000000c3780000, 0x00000000eab00000)
  object space 56832K, 13% used [0x00000000c0000000,0x00000000c0743198,0x00000000c3780000)
 Metaspace       used 22404K, capacity 22778K, committed 23040K, reserved 1069056K
  class space    used 3110K, capacity 3250K, committed 3328K, reserved 1048576K

Card table byte_map: [0x0000000011e00000,0x0000000012010000] byte_map_base: 0x0000000011800000

Marking Bits: (ParMarkBitMap*) 0x00000000766a7ac0
 Begin Bits: [0x0000000012570000, 0x0000000013570000)
 End Bits:   [0x0000000013570000, 0x0000000014570000)

Polling page: 0x0000000002860000

CodeCache: size=245760Kb used=6037Kb max_used=6060Kb free=239722Kb
 bounds [0x0000000002a40000, 0x0000000003030000, 0x0000000011a40000]
 total_blobs=2175 nmethods=1780 adapters=308
 compilation: enabled

Compilation events (10 events):
Event: 12.942 Thread 0x0000000016968800 1922   !   3       org.gradle.internal.service.MethodHandleBasedServiceMethodFactory::toServiceMethod (51 bytes)
Event: 12.944 Thread 0x0000000016968800 nmethod 1922 0x0000000002d09e90 code [0x0000000002d0a120, 0x0000000002d0b308]
Event: 12.944 Thread 0x0000000016968800 1923       3       org.gradle.internal.service.AbstractServiceMethod::<init> (42 bytes)
Event: 12.945 Thread 0x0000000016968800 nmethod 1923 0x0000000002d07dd0 code [0x0000000002d08040, 0x0000000002d09328]
Event: 13.008 Thread 0x0000000016968800 1924       3       java.lang.Long::bitCount (61 bytes)
Event: 13.008 Thread 0x0000000016968800 nmethod 1924 0x0000000002cc6150 code [0x0000000002cc62a0, 0x0000000002cc6450]
Event: 13.097 Thread 0x0000000016968800 1927       3       java.util.HashMap::hash (20 bytes)
Event: 13.098 Thread 0x0000000016968800 nmethod 1927 0x0000000002cc58d0 code [0x0000000002cc5a40, 0x0000000002cc5c88]
Event: 13.102 Thread 0x0000000016968800 1928       3       java.util.HashMap::get (23 bytes)
Event: 13.102 Thread 0x0000000016968800 nmethod 1928 0x0000000002d076d0 code [0x0000000002d07860, 0x0000000002d07c58]

GC Heap History (10 events):
Event: 9.251 GC heap before
{Heap before GC invocations=2 (full 0):
 PSYoungGen      total 38400K, used 37417K [0x00000000eab00000, 0x00000000ed580000, 0x0000000100000000)
  eden space 33280K, 100% used [0x00000000eab00000,0x00000000ecb80000,0x00000000ecb80000)
  from space 5120K, 80% used [0x00000000ecb80000,0x00000000ecf8a418,0x00000000ed080000)
  to   space 5120K, 0% used [0x00000000ed080000,0x00000000ed080000,0x00000000ed580000)
 ParOldGen       total 87552K, used 8K [0x00000000c0000000, 0x00000000c5580000, 0x00000000eab00000)
  object space 87552K, 0% used [0x00000000c0000000,0x00000000c0002000,0x00000000c5580000)
 Metaspace       used 11770K, capacity 12072K, committed 12160K, reserved 1060864K
  class space    used 1548K, capacity 1656K, committed 1664K, reserved 1048576K
Event: 9.273 GC heap after
Heap after GC invocations=2 (full 0):
 PSYoungGen      total 38400K, used 5092K [0x00000000eab00000, 0x00000000ed580000, 0x0000000100000000)
  eden space 33280K, 0% used [0x00000000eab00000,0x00000000eab00000,0x00000000ecb80000)
  from space 5120K, 99% used [0x00000000ed080000,0x00000000ed5793e0,0x00000000ed580000)
  to   space 5120K, 0% used [0x00000000ecb80000,0x00000000ecb80000,0x00000000ed080000)
 ParOldGen       total 87552K, used 689K [0x00000000c0000000, 0x00000000c5580000, 0x00000000eab00000)
  object space 87552K, 0% used [0x00000000c0000000,0x00000000c00ac6e8,0x00000000c5580000)
 Metaspace       used 11770K, capacity 12072K, committed 12160K, reserved 1060864K
  class space    used 1548K, capacity 1656K, committed 1664K, reserved 1048576K
}
Event: 10.440 GC heap before
{Heap before GC invocations=3 (full 0):
 PSYoungGen      total 38400K, used 38372K [0x00000000eab00000, 0x00000000ed580000, 0x0000000100000000)
  eden space 33280K, 100% used [0x00000000eab00000,0x00000000ecb80000,0x00000000ecb80000)
  from space 5120K, 99% used [0x00000000ed080000,0x00000000ed5793e0,0x00000000ed580000)
  to   space 5120K, 0% used [0x00000000ecb80000,0x00000000ecb80000,0x00000000ed080000)
 ParOldGen       total 87552K, used 689K [0x00000000c0000000, 0x00000000c5580000, 0x00000000eab00000)
  object space 87552K, 0% used [0x00000000c0000000,0x00000000c00ac6e8,0x00000000c5580000)
 Metaspace       used 14781K, capacity 15154K, committed 15360K, reserved 1062912K
  class space    used 2066K, capacity 2213K, committed 2304K, reserved 1048576K
Event: 10.469 GC heap after
Heap after GC invocations=3 (full 0):
 PSYoungGen      total 38400K, used 5117K [0x00000000eab00000, 0x00000000ef600000, 0x0000000100000000)
  eden space 33280K, 0% used [0x00000000eab00000,0x00000000eab00000,0x00000000ecb80000)
  from space 5120K, 99% used [0x00000000ecb80000,0x00000000ed07f6e0,0x00000000ed080000)
  to   space 5120K, 0% used [0x00000000ef100000,0x00000000ef100000,0x00000000ef600000)
 ParOldGen       total 87552K, used 3339K [0x00000000c0000000, 0x00000000c5580000, 0x00000000eab00000)
  object space 87552K, 3% used [0x00000000c0000000,0x00000000c0342f08,0x00000000c5580000)
 Metaspace       used 14781K, capacity 15154K, committed 15360K, reserved 1062912K
  class space    used 2066K, capacity 2213K, committed 2304K, reserved 1048576K
}
Event: 11.729 GC heap before
{Heap before GC invocations=4 (full 0):
 PSYoungGen      total 38400K, used 38397K [0x00000000eab00000, 0x00000000ef600000, 0x0000000100000000)
  eden space 33280K, 100% used [0x00000000eab00000,0x00000000ecb80000,0x00000000ecb80000)
  from space 5120K, 99% used [0x00000000ecb80000,0x00000000ed07f6e0,0x00000000ed080000)
  to   space 5120K, 0% used [0x00000000ef100000,0x00000000ef100000,0x00000000ef600000)
 ParOldGen       total 87552K, used 3339K [0x00000000c0000000, 0x00000000c5580000, 0x00000000eab00000)
  object space 87552K, 3% used [0x00000000c0000000,0x00000000c0342f08,0x00000000c5580000)
 Metaspace       used 18795K, capacity 19152K, committed 19456K, reserved 1067008K
  class space    used 2601K, capacity 2730K, committed 2816K, reserved 1048576K
Event: 11.743 GC heap after
Heap after GC invocations=4 (full 0):
 PSYoungGen      total 71680K, used 5088K [0x00000000eab00000, 0x00000000ef600000, 0x0000000100000000)
  eden space 66560K, 0% used [0x00000000eab00000,0x00000000eab00000,0x00000000eec00000)
  from space 5120K, 99% used [0x00000000ef100000,0x00000000ef5f8030,0x00000000ef600000)
  to   space 5120K, 0% used [0x00000000eec00000,0x00000000eec00000,0x00000000ef100000)
 ParOldGen       total 87552K, used 7362K [0x00000000c0000000, 0x00000000c5580000, 0x00000000eab00000)
  object space 87552K, 8% used [0x00000000c0000000,0x00000000c0730a30,0x00000000c5580000)
 Metaspace       used 18795K, capacity 19152K, committed 19456K, reserved 1067008K
  class space    used 2601K, capacity 2730K, committed 2816K, reserved 1048576K
}
Event: 12.111 GC heap before
{Heap before GC invocations=5 (full 0):
 PSYoungGen      total 71680K, used 12536K [0x00000000eab00000, 0x00000000ef600000, 0x0000000100000000)
  eden space 66560K, 11% used [0x00000000eab00000,0x00000000eb246130,0x00000000eec00000)
  from space 5120K, 99% used [0x00000000ef100000,0x00000000ef5f8030,0x00000000ef600000)
  to   space 5120K, 0% used [0x00000000eec00000,0x00000000eec00000,0x00000000ef100000)
 ParOldGen       total 87552K, used 7362K [0x00000000c0000000, 0x00000000c5580000, 0x00000000eab00000)
  object space 87552K, 8% used [0x00000000c0000000,0x00000000c0730a30,0x00000000c5580000)
 Metaspace       used 20759K, capacity 21072K, committed 21248K, reserved 1067008K
  class space    used 2872K, capacity 2986K, committed 3072K, reserved 1048576K
Event: 12.135 GC heap after
Heap after GC invocations=5 (full 0):
 PSYoungGen      total 71680K, used 5104K [0x00000000eab00000, 0x00000000f4100000, 0x0000000100000000)
  eden space 66560K, 0% used [0x00000000eab00000,0x00000000eab00000,0x00000000eec00000)
  from space 5120K, 99% used [0x00000000eec00000,0x00000000ef0fc040,0x00000000ef100000)
  to   space 10240K, 0% used [0x00000000f3700000,0x00000000f3700000,0x00000000f4100000)
 ParOldGen       total 87552K, used 8723K [0x00000000c0000000, 0x00000000c5580000, 0x00000000eab00000)
  object space 87552K, 9% used [0x00000000c0000000,0x00000000c0884c78,0x00000000c5580000)
 Metaspace       used 20759K, capacity 21072K, committed 21248K, reserved 1067008K
  class space    used 2872K, capacity 2986K, committed 3072K, reserved 1048576K
}
Event: 12.135 GC heap before
{Heap before GC invocations=6 (full 1):
 PSYoungGen      total 71680K, used 5104K [0x00000000eab00000, 0x00000000f4100000, 0x0000000100000000)
  eden space 66560K, 0% used [0x00000000eab00000,0x00000000eab00000,0x00000000eec00000)
  from space 5120K, 99% used [0x00000000eec00000,0x00000000ef0fc040,0x00000000ef100000)
  to   space 10240K, 0% used [0x00000000f3700000,0x00000000f3700000,0x00000000f4100000)
 ParOldGen       total 87552K, used 8723K [0x00000000c0000000, 0x00000000c5580000, 0x00000000eab00000)
  object space 87552K, 9% used [0x00000000c0000000,0x00000000c0884c78,0x00000000c5580000)
 Metaspace       used 20759K, capacity 21072K, committed 21248K, reserved 1067008K
  class space    used 2872K, capacity 2986K, committed 3072K, reserved 1048576K
Event: 12.260 GC heap after
Heap after GC invocations=6 (full 1):
 PSYoungGen      total 71680K, used 0K [0x00000000eab00000, 0x00000000f4100000, 0x0000000100000000)
  eden space 66560K, 0% used [0x00000000eab00000,0x00000000eab00000,0x00000000eec00000)
  from space 5120K, 0% used [0x00000000eec00000,0x00000000eec00000,0x00000000ef100000)
  to   space 10240K, 0% used [0x00000000f3700000,0x00000000f3700000,0x00000000f4100000)
 ParOldGen       total 56832K, used 7436K [0x00000000c0000000, 0x00000000c3780000, 0x00000000eab00000)
  object space 56832K, 13% used [0x00000000c0000000,0x00000000c0743198,0x00000000c3780000)
 Metaspace       used 20759K, capacity 21072K, committed 21248K, reserved 1067008K
  class space    used 2872K, capacity 2986K, committed 3072K, reserved 1048576K
}

Deoptimization events (10 events):
Event: 12.260 Thread 0x0000000002973800 Uncommon trap: reason=unstable_if action=reinterpret pc=0x0000000002f29378 method=java.lang.ref.Reference.tryHandlePending(Z)Z @ 104
Event: 12.298 Thread 0x000000001715b000 Uncommon trap: reason=unstable_if action=reinterpret pc=0x0000000002d3963c method=java.lang.AbstractStringBuilder.append(Ljava/lang/String;)Ljava/lang/AbstractStringBuilder; @ 1
Event: 12.298 Thread 0x000000001715b000 Uncommon trap: reason=unstable_if action=reinterpret pc=0x0000000002c653a4 method=java.lang.AbstractStringBuilder.append(Ljava/lang/String;)Ljava/lang/AbstractStringBuilder; @ 1
Event: 12.413 Thread 0x000000001715b000 Uncommon trap: reason=class_check action=maybe_recompile pc=0x0000000002c186b4 method=sun.misc.URLClassPath.getLoader(I)Lsun/misc/URLClassPath$Loader; @ 94
Event: 12.413 Thread 0x000000001715b000 Uncommon trap: reason=class_check action=maybe_recompile pc=0x0000000002f70f0c method=sun.misc.URLClassPath.getResource(Ljava/lang/String;Z)Lsun/misc/Resource; @ 62
Event: 12.419 Thread 0x000000001715b000 Uncommon trap: reason=unstable_if action=reinterpret pc=0x0000000002ecacc4 method=java.lang.ClassLoader.getClassLoadingLock(Ljava/lang/String;)Ljava/lang/Object; @ 6
Event: 12.495 Thread 0x000000001715b000 Uncommon trap: reason=class_check action=maybe_recompile pc=0x0000000002c18850 method=sun.misc.URLClassPath.getLoader(I)Lsun/misc/URLClassPath$Loader; @ 239
Event: 12.547 Thread 0x000000001715b000 Uncommon trap: reason=class_check action=maybe_recompile pc=0x0000000002c18850 method=sun.misc.URLClassPath.getLoader(I)Lsun/misc/URLClassPath$Loader; @ 239
Event: 13.033 Thread 0x000000001715b000 Uncommon trap: reason=unstable_if action=reinterpret pc=0x0000000002e7c9b4 method=java.util.HashMap.hash(Ljava/lang/Object;)I @ 1
Event: 13.033 Thread 0x000000001715b000 Uncommon trap: reason=unstable_if action=reinterpret pc=0x0000000002c2f068 method=java.util.HashMap.hash(Ljava/lang/Object;)I @ 1

Classes redefined (0 events):
No events

Internal exceptions (10 events):
Event: 12.670 Thread 0x000000001715b000 Exception <a 'java/lang/ClassNotFoundException': org/gradle/initialization/DefaultSettingsCustomizer> (0x00000000eb395a70) thrown at [C:\jenkins\workspace\zulu8-silver-build-win64\zulu-src\hotspot\src\share\vm\classfile\systemDictionary.cpp, line 210]
Event: 12.674 Thread 0x000000001715b000 Exception <a 'java/lang/ClassNotFoundException': org/gradle/initialization/DefaultSettings_DecoratedCustomizer> (0x00000000eb3edcf0) thrown at [C:\jenkins\workspace\zulu8-silver-build-win64\zulu-src\hotspot\src\share\vm\classfile\systemDictionary.cpp, lin
Event: 12.690 Thread 0x000000001715b000 Exception <a 'java/lang/ClassNotFoundException': org/gradle/initialization/DefaultProjectDescriptorBeanInfo> (0x00000000eb4b32e0) thrown at [C:\jenkins\workspace\zulu8-silver-build-win64\zulu-src\hotspot\src\share\vm\classfile\systemDictionary.cpp, line 2
Event: 12.690 Thread 0x000000001715b000 Exception <a 'java/lang/ClassNotFoundException': org/gradle/initialization/DefaultProjectDescriptorCustomizer> (0x00000000eb4d7fa8) thrown at [C:\jenkins\workspace\zulu8-silver-build-win64\zulu-src\hotspot\src\share\vm\classfile\systemDictionary.cpp, line
Event: 12.766 Thread 0x000000001715b000 Exception <a 'java/lang/NoSuchMethodError': <clinit>> (0x00000000eb56a098) thrown at [C:\jenkins\workspace\zulu8-silver-build-win64\zulu-src\hotspot\src\share\vm\prims\jni.cpp, line 1613]
Event: 12.769 Thread 0x000000001715b000 Exception <a 'java/lang/NoSuchMethodError': <clinit>> (0x00000000eb58f920) thrown at [C:\jenkins\workspace\zulu8-silver-build-win64\zulu-src\hotspot\src\share\vm\prims\jni.cpp, line 1613]
Event: 12.770 Thread 0x000000001715b000 Exception <a 'java/lang/NoSuchMethodError': <clinit>> (0x00000000eb590dd8) thrown at [C:\jenkins\workspace\zulu8-silver-build-win64\zulu-src\hotspot\src\share\vm\prims\jni.cpp, line 1613]
Event: 12.770 Thread 0x000000001715b000 Exception <a 'java/lang/NoSuchMethodError': <clinit>> (0x00000000eb592b38) thrown at [C:\jenkins\workspace\zulu8-silver-build-win64\zulu-src\hotspot\src\share\vm\prims\jni.cpp, line 1613]
Event: 13.033 Thread 0x000000001715b000 Implicit null exception at 0x0000000002e7c7d5 to 0x0000000002e7c9a5
Event: 13.033 Thread 0x000000001715b000 Implicit null exception at 0x0000000002c2efef to 0x0000000002c2f059

Events (10 events):
Event: 13.179 loading class org/gradle/platform/base/SourceComponentSpec
Event: 13.179 loading class org/gradle/platform/base/SourceComponentSpec done
Event: 13.180 loading class org/gradle/platform/base/VariantComponentSpec
Event: 13.180 loading class org/gradle/platform/base/VariantComponentSpec done
Event: 13.180 loading class org/gradle/platform/base/VariantComponent
Event: 13.180 loading class org/gradle/platform/base/VariantComponent done
Event: 13.181 loading class org/gradle/platform/base/ComponentType
Event: 13.181 loading class org/gradle/platform/base/ComponentType done
Event: 13.182 loading class org/gradle/platform/base/internal/registry/ComponentBinariesModelRuleExtractor
Event: 13.182 loading class org/gradle/platform/base/internal/registry/ComponentBinariesModelRuleExtractor done


Dynamic libraries:
0x00007ff6cb460000 - 0x00007ff6cb495000 	C:\Users\artin\Documents\zulu8.28.0.1-jdk8.0.163-win_x64\bin\java.exe
0x00007fff40100000 - 0x00007fff402e1000 	C:\WINDOWS\SYSTEM32\ntdll.dll
0x00007fff0a480000 - 0x00007fff0a494000 	C:\Program Files\AVG\Antivirus\x64\aswhooka.dll
0x00007fff3e280000 - 0x00007fff3e332000 	C:\WINDOWS\System32\KERNEL32.DLL
0x00007fff3c4d0000 - 0x00007fff3c743000 	C:\WINDOWS\System32\KERNELBASE.dll
0x00007fff3de30000 - 0x00007fff3ded1000 	C:\WINDOWS\System32\ADVAPI32.dll
0x00007fff3e880000 - 0x00007fff3e91e000 	C:\WINDOWS\System32\msvcrt.dll
0x00007fff3dee0000 - 0x00007fff3df3b000 	C:\WINDOWS\System32\sechost.dll
0x00007fff3e0d0000 - 0x00007fff3e1f4000 	C:\WINDOWS\System32\RPCRT4.dll
0x00007fff3ff40000 - 0x00007fff400d0000 	C:\WINDOWS\System32\USER32.dll
0x00007fff3d570000 - 0x00007fff3d590000 	C:\WINDOWS\System32\win32u.dll
0x00007fff3e790000 - 0x00007fff3e7b8000 	C:\WINDOWS\System32\GDI32.dll
0x00007fff3d3d0000 - 0x00007fff3d562000 	C:\WINDOWS\System32\gdi32full.dll
0x00007fff3c750000 - 0x00007fff3c7ef000 	C:\WINDOWS\System32\msvcp_win.dll
0x00007fff3cfb0000 - 0x00007fff3d0aa000 	C:\WINDOWS\System32\ucrtbase.dll
0x00007fff2e8f0000 - 0x00007fff2eb59000 	C:\WINDOWS\WinSxS\amd64_microsoft.windows.common-controls_6595b64144ccf1df_6.0.17134.345_none_fb429a5930656358\COMCTL32.dll
0x00007fff3d590000 - 0x00007fff3d8b3000 	C:\WINDOWS\System32\combase.dll
0x00007fff3d2a0000 - 0x00007fff3d31a000 	C:\WINDOWS\System32\bcryptPrimitives.dll
0x00007fff3de00000 - 0x00007fff3de2d000 	C:\WINDOWS\System32\IMM32.DLL
0x0000000077c40000 - 0x0000000077d12000 	C:\Users\artin\Documents\zulu8.28.0.1-jdk8.0.163-win_x64\jre\bin\msvcr100.dll
0x0000000075ee0000 - 0x0000000076723000 	C:\Users\artin\Documents\zulu8.28.0.1-jdk8.0.163-win_x64\jre\bin\server\jvm.dll
0x00007fff3da40000 - 0x00007fff3da48000 	C:\WINDOWS\System32\PSAPI.DLL
0x00007fff27fd0000 - 0x00007fff27fd9000 	C:\WINDOWS\SYSTEM32\WSOCK32.dll
0x00007fff3ea20000 - 0x00007fff3ea8c000 	C:\WINDOWS\System32\WS2_32.dll
0x00007fff39140000 - 0x00007fff39163000 	C:\WINDOWS\SYSTEM32\WINMM.dll
0x00007fff3b520000 - 0x00007fff3b52a000 	C:\WINDOWS\SYSTEM32\VERSION.dll
0x00007fff39110000 - 0x00007fff3913a000 	C:\WINDOWS\SYSTEM32\WINMMBASE.dll
0x00007fff3cf60000 - 0x00007fff3cfa9000 	C:\WINDOWS\System32\cfgmgr32.dll
0x00007fff35150000 - 0x00007fff3515f000 	C:\Users\artin\Documents\zulu8.28.0.1-jdk8.0.163-win_x64\jre\bin\verify.dll
0x00007fff2ae40000 - 0x00007fff2ae69000 	C:\Users\artin\Documents\zulu8.28.0.1-jdk8.0.163-win_x64\jre\bin\java.dll
0x00007fff2ae20000 - 0x00007fff2ae36000 	C:\Users\artin\Documents\zulu8.28.0.1-jdk8.0.163-win_x64\jre\bin\zip.dll
0x00007fff3eb00000 - 0x00007fff3ff3f000 	C:\WINDOWS\System32\SHELL32.dll
0x00007fff3dd50000 - 0x00007fff3ddf9000 	C:\WINDOWS\System32\shcore.dll
0x00007fff3c850000 - 0x00007fff3cf5d000 	C:\WINDOWS\System32\windows.storage.dll
0x00007fff3e070000 - 0x00007fff3e0c1000 	C:\WINDOWS\System32\shlwapi.dll
0x00007fff3c4a0000 - 0x00007fff3c4b1000 	C:\WINDOWS\System32\kernel.appcore.dll
0x00007fff3c410000 - 0x00007fff3c42f000 	C:\WINDOWS\System32\profapi.dll
0x00007fff3c450000 - 0x00007fff3c49c000 	C:\WINDOWS\System32\powrprof.dll
0x00007fff3c4c0000 - 0x00007fff3c4ca000 	C:\WINDOWS\System32\FLTLIB.DLL
0x00007fff2ace0000 - 0x00007fff2acfa000 	C:\Users\artin\Documents\zulu8.28.0.1-jdk8.0.163-win_x64\jre\bin\net.dll
0x00007fff3bc30000 - 0x00007fff3bc96000 	C:\WINDOWS\system32\mswsock.dll
0x00007fff2acc0000 - 0x00007fff2acd1000 	C:\Users\artin\Documents\zulu8.28.0.1-jdk8.0.163-win_x64\jre\bin\nio.dll
0x00007fff2ae70000 - 0x00007fff2ae8e000 	C:\Users\artin\.gradle\native\25\windows-amd64\native-platform.dll
0x00007fff32800000 - 0x00007fff3280d000 	C:\Users\artin\Documents\zulu8.28.0.1-jdk8.0.163-win_x64\jre\bin\management.dll
0x00007fff3bde0000 - 0x00007fff3bdf7000 	C:\WINDOWS\SYSTEM32\CRYPTSP.dll
0x00007fff3b810000 - 0x00007fff3b843000 	C:\WINDOWS\system32\rsaenh.dll
0x00007fff3bf70000 - 0x00007fff3bf95000 	C:\WINDOWS\SYSTEM32\bcrypt.dll
0x00007fff3c310000 - 0x00007fff3c338000 	C:\WINDOWS\SYSTEM32\USERENV.dll
0x00007fff3be00000 - 0x00007fff3be0b000 	C:\WINDOWS\SYSTEM32\CRYPTBASE.dll
0x00007fff3b9b0000 - 0x00007fff3b9e8000 	C:\WINDOWS\SYSTEM32\IPHLPAPI.DLL
0x00007fff3ea10000 - 0x00007fff3ea18000 	C:\WINDOWS\System32\NSI.dll
0x00007fff33760000 - 0x00007fff33776000 	C:\WINDOWS\SYSTEM32\dhcpcsvc6.DLL
0x00007fff338e0000 - 0x00007fff338fa000 	C:\WINDOWS\SYSTEM32\dhcpcsvc.DLL

VM Arguments:
jvm_args: -XX:+HeapDumpOnOutOfMemoryError -Xmx1024m -Dfile.encoding=windows-1250 -Duser.country=CZ -Duser.language=cs -Duser.variant 
java_command: org.gradle.launcher.daemon.bootstrap.GradleDaemon 4.2.1
java_class_path (initial): C:\Users\artin\.gradle\wrapper\dists\gradle-4.2.1-bin\dajvke9o8kmaxbu0kc5gcgeju\gradle-4.2.1\lib\gradle-launcher-4.2.1.jar
Launcher Type: SUN_STANDARD

Environment Variables:
JAVA_HOME=C:\Program Files\Java\jdk1.7.0_79
PATH=C:\Program Files (x86)\NVIDIA Corporation\PhysX\Common;C:\ProgramData\Oracle\Java\javapath;C:\WINDOWS\system32;C:\WINDOWS;C:\WINDOWS\System32\Wbem;C:\WINDOWS\System32\WindowsPowerShell\v1.0\;C:\Program Files (x86)\ATI Technologies\ATI.ACE\Core-Static;C:\Program Files (x86)\Intel\Services\IPT\;C:\Program Files (x86)\Common Files\Roxio Shared\DLLShared\;C:\Program Files (x86)\Common Files\Roxio Shared\OEM\DLLShared\;C:\Program Files (x86)\Common Files\Roxio Shared\OEM\12.0\DLLShared\;C:\Program Files (x86)\Roxio\OEM\AudioCore\;C:\Program Files (x86)\Windows Live\Shared;C:\Program Files (x86)\IVI Foundation\VISA\WinNT\Bin;C:\Program Files\Intel\WiFi\bin\;C:\Program Files\Common Files\Intel\WirelessCommon\;C:\Program Files (x86)\GtkSharp\2.12\bin;C:\Program Files\leJOS EV3\bin;C:\Program Files (x86)\Common Files\Adobe\AGL;C:\WINDOWS\System32\OpenSSH\;C:\Program Files\Git\cmd;C:\Users\artin\AppData\Local\Microsoft\WindowsApps;C:\Program Files\Intel\WiFi\bin\;C:\Program Files\Common Files\Intel\WirelessCommon\;
USERNAME=artin
OS=Windows_NT
PROCESSOR_IDENTIFIER=Intel64 Family 6 Model 42 Stepping 7, GenuineIntel



---------------  S Y S T E M  ---------------

OS: Windows 10.0 , 64 bit Build 17134 (10.0.17134.1)

CPU:total 4 (initial active 4) (2 cores per cpu, 2 threads per core) family 6 model 42 stepping 7, cmov, cx8, fxsr, mmx, sse, sse2, sse3, ssse3, sse4.1, sse4.2, popcnt, avx, aes, clmul, ht, tsc, tscinvbit

Memory: 4k page, physical 8331088k(694492k free), swap 15643152k(2100k free)

vm_info: OpenJDK 64-Bit Server VM (25.163-b01) for windows-amd64 JRE (1.8.0_163-b01), built on Feb 21 2018 02:35:37 by "tester" with MS VC++ 10.0 (VS2010)

time: Mon Oct 29 15:42:07 2018
elapsed time: 13 seconds (0d 0h 0m 13s)

